<?xml version="1.0" encoding="UTF-8"?>
<!-- Generated by org.testng.reporters.JUnitReportReporter -->
<testsuite hostname="Vishesh-Raaj" name="serializer.SerializationTest" tests="1" failures="0" timestamp="29 Dec 2020 09:44:48 GMT" time="16.320" errors="0">
  <testcase name="SerializerTest" time="16.320" classname="serializer.SerializationTest"/>
</testsuite> <!-- serializer.SerializationTest -->
