<?xml version="1.0" encoding="UTF-8"?>
<!-- Generated by org.testng.reporters.JUnitReportReporter -->
<testsuite hostname="Vishesh-Raaj" name="pack4.ComplexJsonParser" tests="1" failures="0" timestamp="24 Dec 2020 16:42:42 GMT" time="5.352" errors="0">
  <testcase name="_JSONParser" time="5.352" classname="pack4.ComplexJsonParser"/>
</testsuite> <!-- pack4.ComplexJsonParser -->
