<?xml version="1.0" encoding="UTF-8"?>
<!-- Generated by org.testng.reporters.JUnitReportReporter -->
<testsuite hostname="Vishesh-Raaj" name="pack4.JIRA_Backend_Testing" tests="1" failures="0" timestamp="27 Dec 2020 04:46:19 GMT" time="22.498" errors="0">
  <testcase name="accompolishTasksInJIRA" time="22.498" classname="pack4.JIRA_Backend_Testing"/>
</testsuite> <!-- pack4.JIRA_Backend_Testing -->
