<?xml version="1.0" encoding="UTF-8"?>
<!-- Generated by org.testng.reporters.JUnitReportReporter -->
<testsuite skipped="0" hostname="Vishesh-Raaj" name="javastreams.WebStreamsPractice" tests="1" failures="0" timestamp="07 Apr 2021 11:45:58 GMT" time="15.875" errors="0">
  <testcase name="filterWebTables" time="15.875" classname="javastreams.WebStreamsPractice"/>
</testsuite> <!-- javastreams.WebStreamsPractice -->
