<?xml version="1.0" encoding="UTF-8"?>
<!-- Generated by org.testng.reporters.JUnitReportReporter -->
<testsuite skipped="0" hostname="Vishesh-Raaj" name="javascriptexecutor_Practice.Demo_Aa1" tests="1" failures="0" timestamp="01 Apr 2021 10:25:15 GMT" time="103.291" errors="0">
  <testcase name="testBrokenLinks" time="103.291" classname="javascriptexecutor_Practice.Demo_Aa1"/>
</testsuite> <!-- javascriptexecutor_Practice.Demo_Aa1 -->
