<?xml version="1.0" encoding="UTF-8"?>
<!-- Generated by org.testng.reporters.JUnitReportReporter -->
<testsuite hostname="Vishesh-Raaj" name="pack1.Demo_Aa1" tests="1" failures="0" timestamp="23 Dec 2020 18:08:59 GMT" time="20.606" errors="0">
  <testcase name="runAPI" time="20.606" classname="pack1.Demo_Aa1"/>
</testsuite> <!-- pack1.Demo_Aa1 -->
