<?xml version="1.0" encoding="UTF-8"?>
<!-- Generated by org.testng.reporters.JUnitReportReporter -->
<testsuite skipped="0" hostname="Vishesh-Raaj" name="javastreams.Demo_Aa1" tests="1" failures="0" timestamp="02 Apr 2021 10:10:20 GMT" time="0.091" errors="0">
  <testcase name="streamNumbers" time="0.091" classname="javastreams.Demo_Aa1"/>
</testsuite> <!-- javastreams.Demo_Aa1 -->
