<?xml version="1.0" encoding="UTF-8"?>
<!-- Generated by org.testng.reporters.JUnitReportReporter -->
<testsuite hostname="Vishesh-Raaj" name="serializer.RequestSpecBuilderTest" tests="1" failures="0" timestamp="29 Dec 2020 10:25:09 GMT" time="10.690" errors="0">
  <testcase name="SerializerTest" time="10.690" classname="serializer.RequestSpecBuilderTest"/>
</testsuite> <!-- serializer.RequestSpecBuilderTest -->
