<?xml version="1.0" encoding="UTF-8"?>
<!-- Generated by org.testng.reporters.JUnitReportReporter -->
<testsuite hostname="Vishesh-Raaj" name="pack4.AddPlaceApi" tests="1" failures="0" timestamp="31 Dec 2020 17:56:02 GMT" time="14.251" errors="0">
  <testcase name="addPlaceApi" time="14.251" classname="pack4.AddPlaceApi"/>
</testsuite> <!-- pack4.AddPlaceApi -->
